[30-Nov-2018 10:40:33 Asia/Kolkata] PHP Parse error:  syntax error, unexpected end of file in C:\CATS_PROJECTS\INNOVATION_CENTER\test3\inventory\test.php on line 34
[30-Nov-2018 10:41:07 Asia/Kolkata] PHP Parse error:  syntax error, unexpected end of file in C:\CATS_PROJECTS\INNOVATION_CENTER\test3\inventory\test.php on line 34
[30-Nov-2018 10:41:09 Asia/Kolkata] PHP Parse error:  syntax error, unexpected end of file in C:\CATS_PROJECTS\INNOVATION_CENTER\test3\inventory\test.php on line 34
[30-Nov-2018 10:41:31 Asia/Kolkata] PHP Warning:  mysqli_close(): Couldn't fetch mysqli in C:\CATS_PROJECTS\INNOVATION_CENTER\test3\inventory\test.php on line 33
[30-Nov-2018 10:41:31 Asia/Kolkata] PHP Warning:  mysqli_close(): Couldn't fetch mysqli in C:\CATS_PROJECTS\INNOVATION_CENTER\test3\inventory\test.php on line 33
[30-Nov-2018 10:41:31 Asia/Kolkata] PHP Warning:  mysqli_close(): Couldn't fetch mysqli in C:\CATS_PROJECTS\INNOVATION_CENTER\test3\inventory\test.php on line 33
[30-Nov-2018 10:41:31 Asia/Kolkata] PHP Warning:  mysqli_close(): Couldn't fetch mysqli in C:\CATS_PROJECTS\INNOVATION_CENTER\test3\inventory\test.php on line 33
[30-Nov-2018 10:41:40 Asia/Kolkata] PHP Warning:  mysqli_close(): Couldn't fetch mysqli in C:\CATS_PROJECTS\INNOVATION_CENTER\test3\inventory\test.php on line 33
[30-Nov-2018 10:41:40 Asia/Kolkata] PHP Warning:  mysqli_close(): Couldn't fetch mysqli in C:\CATS_PROJECTS\INNOVATION_CENTER\test3\inventory\test.php on line 33
[30-Nov-2018 10:41:40 Asia/Kolkata] PHP Warning:  mysqli_close(): Couldn't fetch mysqli in C:\CATS_PROJECTS\INNOVATION_CENTER\test3\inventory\test.php on line 33
[30-Nov-2018 10:41:40 Asia/Kolkata] PHP Warning:  mysqli_close(): Couldn't fetch mysqli in C:\CATS_PROJECTS\INNOVATION_CENTER\test3\inventory\test.php on line 33
[30-Nov-2018 11:09:31 Asia/Kolkata] PHP Parse error:  syntax error, unexpected 'center' (T_STRING), expecting ',' or ';' in C:\CATS_PROJECTS\INNOVATION_CENTER\test3\inventory\test.php on line 4
[30-Nov-2018 11:09:34 Asia/Kolkata] PHP Parse error:  syntax error, unexpected 'center' (T_STRING), expecting ',' or ';' in C:\CATS_PROJECTS\INNOVATION_CENTER\test3\inventory\test.php on line 4
[30-Nov-2018 11:09:35 Asia/Kolkata] PHP Parse error:  syntax error, unexpected 'center' (T_STRING), expecting ',' or ';' in C:\CATS_PROJECTS\INNOVATION_CENTER\test3\inventory\test.php on line 4
[30-Nov-2018 11:10:22 Asia/Kolkata] PHP Parse error:  syntax error, unexpected 'center' (T_STRING), expecting ',' or ';' in C:\CATS_PROJECTS\INNOVATION_CENTER\test3\inventory\test.php on line 4
[30-Nov-2018 11:10:24 Asia/Kolkata] PHP Parse error:  syntax error, unexpected 'center' (T_STRING), expecting ',' or ';' in C:\CATS_PROJECTS\INNOVATION_CENTER\test3\inventory\test.php on line 4
[30-Nov-2018 11:11:57 Asia/Kolkata] PHP Parse error:  syntax error, unexpected '<', expecting end of file in C:\CATS_PROJECTS\INNOVATION_CENTER\test3\inventory\test.php on line 4
[30-Nov-2018 11:11:58 Asia/Kolkata] PHP Parse error:  syntax error, unexpected '<', expecting end of file in C:\CATS_PROJECTS\INNOVATION_CENTER\test3\inventory\test.php on line 4
[30-Nov-2018 11:16:33 Asia/Kolkata] PHP Parse error:  syntax error, unexpected 'number' (T_STRING), expecting ',' or ';' in C:\CATS_PROJECTS\INNOVATION_CENTER\test3\inventory\test.php on line 28
[30-Nov-2018 11:17:35 Asia/Kolkata] PHP Parse error:  syntax error, unexpected '' (T_ENCAPSED_AND_WHITESPACE), expecting '-' or identifier (T_STRING) or variable (T_VARIABLE) or number (T_NUM_STRING) in C:\CATS_PROJECTS\INNOVATION_CENTER\test3\inventory\test.php on line 24
[30-Nov-2018 11:20:18 Asia/Kolkata] PHP Parse error:  syntax error, unexpected '<', expecting end of file in C:\CATS_PROJECTS\INNOVATION_CENTER\test3\inventory\test.php on line 6
[30-Nov-2018 11:20:40 Asia/Kolkata] PHP Parse error:  syntax error, unexpected '<', expecting end of file in C:\CATS_PROJECTS\INNOVATION_CENTER\test3\inventory\test.php on line 6
[30-Nov-2018 11:20:44 Asia/Kolkata] PHP Parse error:  syntax error, unexpected '<', expecting end of file in C:\CATS_PROJECTS\INNOVATION_CENTER\test3\inventory\test.php on line 6
[30-Nov-2018 11:21:20 Asia/Kolkata] PHP Parse error:  syntax error, unexpected '$query' (T_VARIABLE), expecting ',' or ';' in C:\CATS_PROJECTS\INNOVATION_CENTER\test3\inventory\test.php on line 8
[30-Nov-2018 11:21:21 Asia/Kolkata] PHP Parse error:  syntax error, unexpected '$query' (T_VARIABLE), expecting ',' or ';' in C:\CATS_PROJECTS\INNOVATION_CENTER\test3\inventory\test.php on line 8
[30-Nov-2018 11:34:59 Asia/Kolkata] PHP Parse error:  syntax error, unexpected end of file, expecting elseif (T_ELSEIF) or else (T_ELSE) or endif (T_ENDIF) in C:\CATS_PROJECTS\INNOVATION_CENTER\test3\inventory\test2.php on line 5
[30-Nov-2018 11:36:26 Asia/Kolkata] PHP Parse error:  syntax error, unexpected end of file in C:\CATS_PROJECTS\INNOVATION_CENTER\test3\inventory\test2.php on line 5
[30-Nov-2018 11:37:14 Asia/Kolkata] PHP Parse error:  syntax error, unexpected end of file in C:\CATS_PROJECTS\INNOVATION_CENTER\test3\inventory\test2.php on line 5
[30-Nov-2018 11:37:37 Asia/Kolkata] PHP Parse error:  syntax error, unexpected end of file in C:\CATS_PROJECTS\INNOVATION_CENTER\test3\inventory\test2.php on line 4
[30-Nov-2018 11:42:14 Asia/Kolkata] PHP Parse error:  syntax error, unexpected '' (T_ENCAPSED_AND_WHITESPACE), expecting '-' or identifier (T_STRING) or variable (T_VARIABLE) or number (T_NUM_STRING) in C:\CATS_PROJECTS\INNOVATION_CENTER\test3\inventory\test2.php on line 6
[30-Nov-2018 11:43:23 Asia/Kolkata] PHP Parse error:  syntax error, unexpected 'fname' (T_STRING) in C:\CATS_PROJECTS\INNOVATION_CENTER\test3\inventory\test2.php on line 6
[30-Nov-2018 11:43:26 Asia/Kolkata] PHP Parse error:  syntax error, unexpected 'fname' (T_STRING) in C:\CATS_PROJECTS\INNOVATION_CENTER\test3\inventory\test2.php on line 6
[04-Dec-2018 09:16:26 Asia/Kolkata] PHP Parse error:  syntax error, unexpected 'fname' (T_STRING) in C:\CATS_PROJECTS\INNOVATION_CENTER\test3\inventory\test2.php on line 6
