[28-Nov-2018 12:22:16 Asia/Kolkata] PHP Parse error:  syntax error, unexpected '<', expecting end of file in C:\CATS_PROJECTS\INNOVATION_CENTER\test3\uiux\mp_2.php on line 5
[28-Nov-2018 12:26:25 Asia/Kolkata] PHP Notice:  Undefined variable: row in C:\CATS_PROJECTS\INNOVATION_CENTER\test3\uiux\mp_2.php on line 5
[28-Nov-2018 12:26:26 Asia/Kolkata] PHP Notice:  Undefined variable: row in C:\CATS_PROJECTS\INNOVATION_CENTER\test3\uiux\mp_2.php on line 7
[28-Nov-2018 12:26:26 Asia/Kolkata] PHP Notice:  Undefined variable: row in C:\CATS_PROJECTS\INNOVATION_CENTER\test3\uiux\mp_2.php on line 8
[28-Nov-2018 12:26:26 Asia/Kolkata] PHP Notice:  Undefined variable: row in C:\CATS_PROJECTS\INNOVATION_CENTER\test3\uiux\mp_2.php on line 9
[28-Nov-2018 12:34:21 Asia/Kolkata] PHP Parse error:  syntax error, unexpected 'while' (T_WHILE) in C:\CATS_PROJECTS\INNOVATION_CENTER\test3\uiux\mp_2.php on line 5
[28-Nov-2018 12:34:25 Asia/Kolkata] PHP Parse error:  syntax error, unexpected 'while' (T_WHILE) in C:\CATS_PROJECTS\INNOVATION_CENTER\test3\uiux\mp_2.php on line 5
[28-Nov-2018 13:54:16 Asia/Kolkata] PHP Parse error:  syntax error, unexpected 'p_desc' (T_STRING), expecting ',' or ';' in C:\CATS_PROJECTS\INNOVATION_CENTER\test3\uiux\mp_2.php on line 49
[28-Nov-2018 13:57:05 Asia/Kolkata] PHP Parse error:  syntax error, unexpected 'p_desc' (T_STRING), expecting ',' or ';' in C:\CATS_PROJECTS\INNOVATION_CENTER\test3\uiux\mp_2.php on line 49
[28-Nov-2018 13:58:54 Asia/Kolkata] PHP Notice:  Undefined index: p_desc in C:\CATS_PROJECTS\INNOVATION_CENTER\test3\uiux\mp_2.php on line 49
[28-Nov-2018 13:58:54 Asia/Kolkata] PHP Notice:  Undefined index: p_desc in C:\CATS_PROJECTS\INNOVATION_CENTER\test3\uiux\mp_2.php on line 49
[28-Nov-2018 13:58:54 Asia/Kolkata] PHP Notice:  Undefined index: p_desc in C:\CATS_PROJECTS\INNOVATION_CENTER\test3\uiux\mp_2.php on line 49
[28-Nov-2018 13:58:54 Asia/Kolkata] PHP Notice:  Undefined index: p_desc in C:\CATS_PROJECTS\INNOVATION_CENTER\test3\uiux\mp_2.php on line 49
[28-Nov-2018 13:58:54 Asia/Kolkata] PHP Notice:  Undefined index: p_desc in C:\CATS_PROJECTS\INNOVATION_CENTER\test3\uiux\mp_2.php on line 49
[28-Nov-2018 13:58:54 Asia/Kolkata] PHP Notice:  Undefined index: p_desc in C:\CATS_PROJECTS\INNOVATION_CENTER\test3\uiux\mp_2.php on line 49
[28-Nov-2018 14:08:25 Asia/Kolkata] PHP Parse error:  syntax error, unexpected 'product_id' (T_STRING), expecting ',' or ';' in C:\CATS_PROJECTS\INNOVATION_CENTER\test3\uiux\mp_2.php on line 52
[28-Nov-2018 14:10:06 Asia/Kolkata] PHP Parse error:  syntax error, unexpected 'product_id' (T_STRING), expecting ',' or ';' in C:\CATS_PROJECTS\INNOVATION_CENTER\test3\uiux\mp_2.php on line 52
[28-Nov-2018 14:10:09 Asia/Kolkata] PHP Parse error:  syntax error, unexpected 'product_id' (T_STRING), expecting ',' or ';' in C:\CATS_PROJECTS\INNOVATION_CENTER\test3\uiux\mp_2.php on line 52
[28-Nov-2018 14:11:41 Asia/Kolkata] PHP Parse error:  syntax error, unexpected 'text' (T_STRING) in C:\CATS_PROJECTS\INNOVATION_CENTER\test3\uiux\mp_2.php on line 38
[28-Nov-2018 14:11:44 Asia/Kolkata] PHP Parse error:  syntax error, unexpected 'text' (T_STRING) in C:\CATS_PROJECTS\INNOVATION_CENTER\test3\uiux\mp_2.php on line 38
[28-Nov-2018 14:26:48 Asia/Kolkata] PHP Parse error:  syntax error, unexpected '<', expecting end of file in C:\CATS_PROJECTS\INNOVATION_CENTER\test3\uiux\mp_2.php on line 65
[28-Nov-2018 14:31:00 Asia/Kolkata] PHP Parse error:  syntax error, unexpected '$row' (T_VARIABLE) in C:\CATS_PROJECTS\INNOVATION_CENTER\test3\uiux\mp_2.php on line 40
[28-Nov-2018 14:32:30 Asia/Kolkata] PHP Parse error:  syntax error, unexpected '$row' (T_VARIABLE) in C:\CATS_PROJECTS\INNOVATION_CENTER\test3\uiux\mp_2.php on line 42
[28-Nov-2018 14:33:19 Asia/Kolkata] PHP Parse error:  syntax error, unexpected 'p_id' (T_STRING) in C:\CATS_PROJECTS\INNOVATION_CENTER\test3\uiux\mp_2.php on line 42
[28-Nov-2018 14:34:09 Asia/Kolkata] PHP Parse error:  syntax error, unexpected 'p_id' (T_STRING) in C:\CATS_PROJECTS\INNOVATION_CENTER\test3\uiux\mp_2.php on line 42
[28-Nov-2018 14:34:50 Asia/Kolkata] PHP Parse error:  syntax error, unexpected 'p_id' (T_STRING) in C:\CATS_PROJECTS\INNOVATION_CENTER\test3\uiux\mp_2.php on line 42
[28-Nov-2018 14:35:39 Asia/Kolkata] PHP Parse error:  syntax error, unexpected 'p_id' (T_STRING) in C:\CATS_PROJECTS\INNOVATION_CENTER\test3\uiux\mp_2.php on line 42
[28-Nov-2018 14:36:35 Asia/Kolkata] PHP Parse error:  syntax error, unexpected 'echo' (T_ECHO) in C:\CATS_PROJECTS\INNOVATION_CENTER\test3\uiux\mp_2.php on line 42
[28-Nov-2018 14:36:55 Asia/Kolkata] PHP Parse error:  syntax error, unexpected '$row' (T_VARIABLE) in C:\CATS_PROJECTS\INNOVATION_CENTER\test3\uiux\mp_2.php on line 42
[28-Nov-2018 14:38:35 Asia/Kolkata] PHP Parse error:  syntax error, unexpected '$row' (T_VARIABLE) in C:\CATS_PROJECTS\INNOVATION_CENTER\test3\uiux\mp_2.php on line 42
[28-Nov-2018 14:39:36 Asia/Kolkata] PHP Parse error:  syntax error, unexpected '$row' (T_VARIABLE) in C:\CATS_PROJECTS\INNOVATION_CENTER\test3\uiux\mp_2.php on line 43
[28-Nov-2018 14:44:21 Asia/Kolkata] PHP Parse error:  syntax error, unexpected 'p_id' (T_STRING) in C:\CATS_PROJECTS\INNOVATION_CENTER\test3\uiux\mp_2.php on line 42
[28-Nov-2018 14:44:42 Asia/Kolkata] PHP Parse error:  syntax error, unexpected 'p_id' (T_STRING) in C:\CATS_PROJECTS\INNOVATION_CENTER\test3\uiux\mp_2.php on line 42
[28-Nov-2018 14:45:56 Asia/Kolkata] PHP Parse error:  syntax error, unexpected 'p_id' (T_STRING) in C:\CATS_PROJECTS\INNOVATION_CENTER\test3\uiux\mp_2.php on line 42
[28-Nov-2018 14:46:20 Asia/Kolkata] PHP Parse error:  syntax error, unexpected 'p_id' (T_STRING) in C:\CATS_PROJECTS\INNOVATION_CENTER\test3\uiux\mp_2.php on line 42
[28-Nov-2018 17:35:16 Asia/Kolkata] PHP Parse error:  syntax error, unexpected 'p_id' (T_STRING) in C:\CATS_PROJECTS\INNOVATION_CENTER\test3\uiux\mp_2.php on line 42
[29-Nov-2018 09:08:13 Asia/Kolkata] PHP Parse error:  syntax error, unexpected 'p_id' (T_STRING) in C:\CATS_PROJECTS\INNOVATION_CENTER\test3\uiux\mp_2.php on line 42
[29-Nov-2018 09:48:11 Asia/Kolkata] PHP Parse error:  syntax error, unexpected '<' in C:\CATS_PROJECTS\INNOVATION_CENTER\test3\uiux\mp_2.php on line 55
[29-Nov-2018 09:51:37 Asia/Kolkata] PHP Notice:  Undefined index: p_fact in C:\CATS_PROJECTS\INNOVATION_CENTER\test3\uiux\mp_2.php on line 69
[29-Nov-2018 09:51:37 Asia/Kolkata] PHP Notice:  Undefined index: p_fact in C:\CATS_PROJECTS\INNOVATION_CENTER\test3\uiux\mp_2.php on line 69
[29-Nov-2018 09:51:37 Asia/Kolkata] PHP Notice:  Undefined index: p_fact in C:\CATS_PROJECTS\INNOVATION_CENTER\test3\uiux\mp_2.php on line 69
[29-Nov-2018 09:51:37 Asia/Kolkata] PHP Notice:  Undefined index: p_fact in C:\CATS_PROJECTS\INNOVATION_CENTER\test3\uiux\mp_2.php on line 69
[29-Nov-2018 09:51:37 Asia/Kolkata] PHP Notice:  Undefined index: p_fact in C:\CATS_PROJECTS\INNOVATION_CENTER\test3\uiux\mp_2.php on line 69
[29-Nov-2018 09:51:37 Asia/Kolkata] PHP Notice:  Undefined index: p_fact in C:\CATS_PROJECTS\INNOVATION_CENTER\test3\uiux\mp_2.php on line 69
[29-Nov-2018 09:52:14 Asia/Kolkata] PHP Notice:  Undefined index: p_fact in C:\CATS_PROJECTS\INNOVATION_CENTER\test3\uiux\mp_2.php on line 69
[29-Nov-2018 09:52:14 Asia/Kolkata] PHP Notice:  Undefined index: p_fact in C:\CATS_PROJECTS\INNOVATION_CENTER\test3\uiux\mp_2.php on line 69
[29-Nov-2018 09:52:14 Asia/Kolkata] PHP Notice:  Undefined index: p_fact in C:\CATS_PROJECTS\INNOVATION_CENTER\test3\uiux\mp_2.php on line 69
[29-Nov-2018 09:52:14 Asia/Kolkata] PHP Notice:  Undefined index: p_fact in C:\CATS_PROJECTS\INNOVATION_CENTER\test3\uiux\mp_2.php on line 69
[29-Nov-2018 09:52:14 Asia/Kolkata] PHP Notice:  Undefined index: p_fact in C:\CATS_PROJECTS\INNOVATION_CENTER\test3\uiux\mp_2.php on line 69
[29-Nov-2018 09:52:14 Asia/Kolkata] PHP Notice:  Undefined index: p_fact in C:\CATS_PROJECTS\INNOVATION_CENTER\test3\uiux\mp_2.php on line 69
[29-Nov-2018 09:53:59 Asia/Kolkata] PHP Notice:  Undefined index: p_fact in C:\CATS_PROJECTS\INNOVATION_CENTER\test3\uiux\mp_2.php on line 68
[29-Nov-2018 09:53:59 Asia/Kolkata] PHP Notice:  Undefined index: p_fact in C:\CATS_PROJECTS\INNOVATION_CENTER\test3\uiux\mp_2.php on line 68
[29-Nov-2018 09:53:59 Asia/Kolkata] PHP Notice:  Undefined index: p_fact in C:\CATS_PROJECTS\INNOVATION_CENTER\test3\uiux\mp_2.php on line 68
[29-Nov-2018 09:53:59 Asia/Kolkata] PHP Notice:  Undefined index: p_fact in C:\CATS_PROJECTS\INNOVATION_CENTER\test3\uiux\mp_2.php on line 68
[29-Nov-2018 09:53:59 Asia/Kolkata] PHP Notice:  Undefined index: p_fact in C:\CATS_PROJECTS\INNOVATION_CENTER\test3\uiux\mp_2.php on line 68
[29-Nov-2018 09:53:59 Asia/Kolkata] PHP Notice:  Undefined index: p_fact in C:\CATS_PROJECTS\INNOVATION_CENTER\test3\uiux\mp_2.php on line 68
[30-Nov-2018 10:17:31 Asia/Kolkata] PHP Parse error:  syntax error, unexpected ''' (T_ENCAPSED_AND_WHITESPACE) in C:\CATS_PROJECTS\INNOVATION_CENTER\test3\uiux\mp_3.php on line 58
[30-Nov-2018 12:08:17 Asia/Kolkata] PHP Parse error:  syntax error, unexpected '' (T_ENCAPSED_AND_WHITESPACE), expecting '-' or identifier (T_STRING) or variable (T_VARIABLE) or number (T_NUM_STRING) in C:\CATS_PROJECTS\INNOVATION_CENTER\test3\uiux\mp_4.php on line 141
[30-Nov-2018 12:08:21 Asia/Kolkata] PHP Parse error:  syntax error, unexpected '' (T_ENCAPSED_AND_WHITESPACE), expecting '-' or identifier (T_STRING) or variable (T_VARIABLE) or number (T_NUM_STRING) in C:\CATS_PROJECTS\INNOVATION_CENTER\test3\uiux\mp_4.php on line 141
[30-Nov-2018 12:09:21 Asia/Kolkata] PHP Notice:  Undefined variable: con in C:\CATS_PROJECTS\INNOVATION_CENTER\test3\uiux\mp_4.php on line 138
[30-Nov-2018 12:09:21 Asia/Kolkata] PHP Warning:  mysqli_query() expects parameter 1 to be mysqli, null given in C:\CATS_PROJECTS\INNOVATION_CENTER\test3\uiux\mp_4.php on line 138
[30-Nov-2018 12:09:21 Asia/Kolkata] PHP Warning:  mysqli_fetch_array() expects parameter 1 to be mysqli_result, null given in C:\CATS_PROJECTS\INNOVATION_CENTER\test3\uiux\mp_4.php on line 139
[30-Nov-2018 13:17:09 Asia/Kolkata] PHP Notice:  Undefined variable: con in C:\CATS_PROJECTS\INNOVATION_CENTER\test3\uiux\mp_4.php on line 138
[30-Nov-2018 13:17:09 Asia/Kolkata] PHP Warning:  mysqli_query() expects parameter 1 to be mysqli, null given in C:\CATS_PROJECTS\INNOVATION_CENTER\test3\uiux\mp_4.php on line 138
[30-Nov-2018 13:17:09 Asia/Kolkata] PHP Warning:  mysqli_fetch_array() expects parameter 1 to be mysqli_result, null given in C:\CATS_PROJECTS\INNOVATION_CENTER\test3\uiux\mp_4.php on line 139
[01-Dec-2018 14:35:40 Asia/Kolkata] PHP Notice:  Undefined variable: con in C:\CATS_PROJECTS\INNOVATION_CENTER\test3\uiux\mp_4.php on line 138
[01-Dec-2018 14:35:40 Asia/Kolkata] PHP Warning:  mysqli_query() expects parameter 1 to be mysqli, null given in C:\CATS_PROJECTS\INNOVATION_CENTER\test3\uiux\mp_4.php on line 138
[01-Dec-2018 14:35:40 Asia/Kolkata] PHP Warning:  mysqli_fetch_array() expects parameter 1 to be mysqli_result, null given in C:\CATS_PROJECTS\INNOVATION_CENTER\test3\uiux\mp_4.php on line 139
[01-Dec-2018 14:36:02 Asia/Kolkata] PHP Notice:  Undefined variable: con in C:\CATS_PROJECTS\INNOVATION_CENTER\test3\uiux\mp_4.php on line 138
[01-Dec-2018 14:36:02 Asia/Kolkata] PHP Warning:  mysqli_query() expects parameter 1 to be mysqli, null given in C:\CATS_PROJECTS\INNOVATION_CENTER\test3\uiux\mp_4.php on line 138
[01-Dec-2018 14:36:02 Asia/Kolkata] PHP Warning:  mysqli_fetch_array() expects parameter 1 to be mysqli_result, null given in C:\CATS_PROJECTS\INNOVATION_CENTER\test3\uiux\mp_4.php on line 139
[07-Dec-2018 15:32:27 Asia/Kolkata] PHP Notice:  Undefined index: pro_total in C:\CATS_PROJECTS\INNOVATION_CENTER\test3\uiux\send.php on line 2
[07-Dec-2018 15:32:28 Asia/Kolkata] PHP Notice:  Undefined index: pro_total in C:\CATS_PROJECTS\INNOVATION_CENTER\test3\uiux\send.php on line 2
[07-Dec-2018 15:32:37 Asia/Kolkata] PHP Notice:  Undefined index: pro_total in C:\CATS_PROJECTS\INNOVATION_CENTER\test3\uiux\send.php on line 2
[07-Dec-2018 19:09:04 Asia/Kolkata] PHP Notice:  Undefined index: pro_total in C:\CATS_PROJECTS\INNOVATION_CENTER\test3\uiux\send.php on line 2
[07-Dec-2018 19:11:50 Asia/Kolkata] PHP Notice:  Undefined index: pro_total in C:\CATS_PROJECTS\INNOVATION_CENTER\test3\uiux\send.php on line 2
[08-Dec-2018 15:12:08 Asia/Kolkata] PHP Notice:  Undefined index: pro_total in C:\CATS_PROJECTS\INNOVATION_CENTER\test3\uiux\send.php on line 2
[08-Dec-2018 15:13:50 Asia/Kolkata] PHP Notice:  Undefined index: pro_total in C:\CATS_PROJECTS\INNOVATION_CENTER\test3\uiux\send.php on line 2
[08-Dec-2018 15:14:44 Asia/Kolkata] PHP Notice:  Undefined index: pro_total in C:\CATS_PROJECTS\INNOVATION_CENTER\test3\uiux\send.php on line 2
[08-Dec-2018 15:14:50 Asia/Kolkata] PHP Notice:  Undefined index: pro_total in C:\CATS_PROJECTS\INNOVATION_CENTER\test3\uiux\send.php on line 2
[08-Dec-2018 18:40:18 Asia/Kolkata] PHP Notice:  Undefined index: pro_total in C:\CATS_PROJECTS\INNOVATION_CENTER\test3\uiux\send.php on line 2
[08-Dec-2018 18:41:14 Asia/Kolkata] PHP Notice:  Undefined index: params in C:\CATS_PROJECTS\INNOVATION_CENTER\test3\uiux\send.php on line 2
[08-Dec-2018 18:41:41 Asia/Kolkata] PHP Notice:  Undefined index: params in C:\CATS_PROJECTS\INNOVATION_CENTER\test3\uiux\send.php on line 2
[08-Dec-2018 18:59:59 Asia/Kolkata] PHP Notice:  Undefined index: p_quant in C:\CATS_PROJECTS\INNOVATION_CENTER\test3\uiux\send.php on line 4
[08-Dec-2018 19:03:23 Asia/Kolkata] PHP Notice:  Undefined index: p_quant in C:\CATS_PROJECTS\INNOVATION_CENTER\test3\uiux\send.php on line 4
[08-Dec-2018 19:03:26 Asia/Kolkata] PHP Notice:  Undefined index: p_quant in C:\CATS_PROJECTS\INNOVATION_CENTER\test3\uiux\send.php on line 4
[08-Dec-2018 19:15:09 Asia/Kolkata] PHP Notice:  Undefined index: p_quant in C:\CATS_PROJECTS\INNOVATION_CENTER\test3\uiux\send.php on line 4
[08-Dec-2018 20:29:06 Asia/Kolkata] PHP Parse error:  syntax error, unexpected '.' in C:\CATS_PROJECTS\INNOVATION_CENTER\test3\uiux\some.php on line 2
[09-Dec-2018 09:21:03 Asia/Kolkata] PHP Parse error:  syntax error, unexpected '.' in C:\CATS_PROJECTS\INNOVATION_CENTER\test3\uiux\some.php on line 2
[09-Feb-2019 09:44:40 Asia/Kolkata] PHP Notice:  Undefined variable: con in C:\CATS_PROJECTS\INNOVATION_CENTER\test3\uiux\mp_4.php on line 138
[09-Feb-2019 09:44:40 Asia/Kolkata] PHP Warning:  mysqli_query() expects parameter 1 to be mysqli, null given in C:\CATS_PROJECTS\INNOVATION_CENTER\test3\uiux\mp_4.php on line 138
[09-Feb-2019 09:44:40 Asia/Kolkata] PHP Warning:  mysqli_fetch_array() expects parameter 1 to be mysqli_result, null given in C:\CATS_PROJECTS\INNOVATION_CENTER\test3\uiux\mp_4.php on line 139
[14-Feb-2019 10:44:06 Asia/Kolkata] PHP Notice:  Undefined variable: con in C:\CATS_PROJECTS\INNOVATION_CENTER\test3\uiux\mp_4.php on line 138
[14-Feb-2019 10:44:06 Asia/Kolkata] PHP Warning:  mysqli_query() expects parameter 1 to be mysqli, null given in C:\CATS_PROJECTS\INNOVATION_CENTER\test3\uiux\mp_4.php on line 138
[14-Feb-2019 10:44:06 Asia/Kolkata] PHP Warning:  mysqli_fetch_array() expects parameter 1 to be mysqli_result, null given in C:\CATS_PROJECTS\INNOVATION_CENTER\test3\uiux\mp_4.php on line 139
[14-Feb-2019 10:44:13 Asia/Kolkata] PHP Notice:  Undefined variable: con in C:\CATS_PROJECTS\INNOVATION_CENTER\test3\uiux\mp_4.php on line 138
[14-Feb-2019 10:44:13 Asia/Kolkata] PHP Warning:  mysqli_query() expects parameter 1 to be mysqli, null given in C:\CATS_PROJECTS\INNOVATION_CENTER\test3\uiux\mp_4.php on line 138
[14-Feb-2019 10:44:13 Asia/Kolkata] PHP Warning:  mysqli_fetch_array() expects parameter 1 to be mysqli_result, null given in C:\CATS_PROJECTS\INNOVATION_CENTER\test3\uiux\mp_4.php on line 139
[10-Mar-2019 19:21:46 Asia/Kolkata] PHP Notice:  Undefined variable: con in C:\CATS_PROJECTS\INNOVATION_CENTER\test3\uiux\mp_4.php on line 138
[10-Mar-2019 19:21:46 Asia/Kolkata] PHP Warning:  mysqli_query() expects parameter 1 to be mysqli, null given in C:\CATS_PROJECTS\INNOVATION_CENTER\test3\uiux\mp_4.php on line 138
[10-Mar-2019 19:21:46 Asia/Kolkata] PHP Warning:  mysqli_fetch_array() expects parameter 1 to be mysqli_result, null given in C:\CATS_PROJECTS\INNOVATION_CENTER\test3\uiux\mp_4.php on line 139
